FILE_TYPE=LIBRARY_PARTS;
PRIMITIVE 'PESD18VF1BLYL','PESD18VF1BLYL_Other';
  PIN
    'K1':
      PIN_NUMBER='(1)';
      NO_LOAD_CHECK=BOTH;
      NO_IO_CHECK=BOTH;
      ALLOW_CONNECT=TRUE;
      PINUSE='UNSPEC';
    'K2':
      PIN_NUMBER='(2)';
      NO_LOAD_CHECK=BOTH;
      NO_IO_CHECK=BOTH;
      ALLOW_CONNECT=TRUE;
      PINUSE='UNSPEC';
  END_PIN;
  BODY
    PART_NAME='PESD18VF1BLYL';
    PHYS_DES_PREFIX='D';
    NO_LOAD_CHECK='TRUE';
    PIN_COUNT='2';
    BODY_NAME='PESD18VF1BLYL';
    JEDEC_TYPE='PESD5V0S1BL315';
  END_BODY;
END_PRIMITIVE;
END.
